<?xml version="1.0" encoding="UTF-8"?>
<!-- Generated by org.testng.reporters.JUnitReportReporter -->
<testsuite hostname="DESKTOP-7B9HE06" failures="0" tests="6" name="com.osa.runners.SmokeTest" time="90.412" errors="0" timestamp="2022-01-15T14:11:44 EST" skipped="0">
  <testcase classname="com.osa.runners.SmokeTest" name="runScenario" time="15.662"/>
  <system-out/>
  <testcase classname="com.osa.runners.SmokeTest" name="runScenario" time="19.551"/>
  <system-out/>
  <testcase classname="com.osa.runners.SmokeTest" name="runScenario" time="18.545"/>
  <system-out/>
  <testcase classname="com.osa.runners.SmokeTest" name="runScenario" time="14.818"/>
  <system-out/>
  <testcase classname="com.osa.runners.SmokeTest" name="click_Study_Materials" time="10.579"/>
  <system-out/>
  <testcase classname="com.osa.runners.SmokeTest" name="click_Class_Projects" time="11.257"/>
  <system-out/>
</testsuite> <!-- com.osa.runners.SmokeTest -->
