<?xml version="1.0" encoding="UTF-8"?>
<!-- Generated by org.testng.reporters.JUnitReportReporter -->
<testsuite hostname="LAPTOP-L47OSDRI" failures="0" tests="7" name="com.osa.runners.RegressionTest" time="51.298" errors="0" timestamp="2022-01-15T15:34:03 EST" skipped="0">
  <testcase classname="com.osa.runners.RegressionTest" name="runScenario" time="6.099"/>
  <system-out/>
  <testcase classname="com.osa.runners.RegressionTest" name="runScenario" time="15.075"/>
  <system-out/>
  <testcase classname="com.osa.runners.RegressionTest" name="runScenario" time="4.960"/>
  <system-out/>
  <testcase classname="com.osa.runners.RegressionTest" name="runScenario" time="6.194"/>
  <system-out/>
  <testcase classname="com.osa.runners.RegressionTest" name="runScenario" time="6.274"/>
  <system-out/>
  <testcase classname="com.osa.runners.RegressionTest" name="runScenario" time="5.987"/>
  <system-out/>
  <testcase classname="com.osa.runners.RegressionTest" name="runScenario" time="6.709"/>
  <system-out/>
</testsuite> <!-- com.osa.runners.RegressionTest -->
